<?xml version="1.0" encoding="UTF-8"?>
<!-- Generated by org.testng.reporters.JUnitReportReporter -->
<testsuite hostname="DESKTOP-GK79C4U" name="test.groovy.demo1.FirstGebTest" tests="1" failures="0" timestamp="29 Mar 2016 19:35:22 GMT" time="29.884" errors="0">
  <testcase name="gebTest" time="29.884" classname="test.groovy.demo1.FirstGebTest"/>
</testsuite> <!-- test.groovy.demo1.FirstGebTest -->
