<?xml version="1.0" encoding="UTF-8"?>
<!-- Generated by org.testng.reporters.JUnitReportReporter -->
<testsuite hostname="KAMET-QA23L" name="FirstGebTest" tests="1" failures="0" timestamp="15 Apr 2016 10:56:48 GMT" time="76.954" errors="0">
  <testcase name="testBorrowerListingCreation" time="76.954" classname="FirstGebTest"/>
</testsuite> <!-- FirstGebTest -->
