<?xml version="1.0" encoding="UTF-8"?>
<!-- Generated by org.testng.reporters.JUnitReportReporter -->
<testsuite hostname="DESKTOP-GK79C4U" name="FirstGebTest" tests="1" failures="0" timestamp="5 Apr 2016 17:29:28 GMT" time="113.195" errors="0">
  <testcase name="testLoginAsProsperUser" time="113.195" classname="FirstGebTest"/>
</testsuite> <!-- FirstGebTest -->
