<?xml version="1.0" encoding="UTF-8"?>
<!-- Generated by org.testng.reporters.JUnitReportReporter -->
<testsuite hostname="KAMET-QA23L" name="ABPFlowTest" tests="1" failures="0" timestamp="15 Apr 2016 12:31:07 GMT" time="98.323" errors="0">
  <testcase name="testABPPathAListingCreation" time="98.323" classname="ABPFlowTest"/>
</testsuite> <!-- ABPFlowTest -->
