<?xml version="1.0" encoding="UTF-8"?>
<!-- Generated by org.testng.reporters.JUnitReportReporter -->
<testsuite hostname="KAMET-QA23L" name="FirstGebTest" tests="1" failures="0" timestamp="13 Apr 2016 11:16:26 GMT" time="213.208" errors="0">
  <testcase name="testCreditReportLink" time="213.208" classname="FirstGebTest"/>
</testsuite> <!-- FirstGebTest -->
