<?xml version="1.0" encoding="UTF-8"?>
<!-- Generated by org.testng.reporters.JUnitReportReporter -->
<testsuite hostname="DESKTOP-GK79C4U" name="FirstGebTest" tests="1" failures="0" timestamp="11 Apr 2016 19:24:15 GMT" time="141.647" errors="0">
  <testcase name="testLoginAsProsperUser" time="141.647" classname="FirstGebTest"/>
</testsuite> <!-- FirstGebTest -->
